{
  "RSpec": {
    "coverage": {
      "/home/saasbook/FSD-Training-Site/app/controllers/application_controller.rb": [
        1,
        1,
        null
      ],
      "/home/saasbook/FSD-Training-Site/app/helpers/application_helper.rb": [
        1,
        null
      ],
      "/home/saasbook/FSD-Training-Site/app/controllers/lessons_controller.rb": [
        1,
        null,
        1,
        2,
        2,
        2,
        2,
        null,
        1,
        1,
        null,
        null,
        null,
        null,
        1,
        1,
        null,
        null,
        1,
        null,
        null,
        null,
        1,
        3,
        3,
        3,
        2,
        null,
        1,
        1,
        null,
        null,
        null,
        null,
        null,
        null,
        null,
        null,
        null,
        null,
        null,
        null,
        null,
        null,
        null,
        null,
        null,
        1,
        2,
        2,
        null,
        0,
        0,
        null,
        null,
        null,
        null,
        null,
        null,
        null,
        null,
        null,
        null,
        null,
        null,
        null,
        null,
        null,
        null,
        1,
        2,
        2,
        2,
        2,
        2,
        null,
        0,
        0,
        null,
        null,
        null,
        1,
        1,
        1,
        1,
        1,
        null,
        null,
        null
      ],
      "/home/saasbook/FSD-Training-Site/app/models/lesson.rb": [
        1,
        null,
        1,
        1,
        1,
        null,
        1,
        null,
        null,
        1,
        0,
        null,
        null,
        null,
        null
      ],
      "/home/saasbook/FSD-Training-Site/app/controllers/videos_controller.rb": [
        1,
        null,
        null,
        1,
        0,
        null,
        null,
        1,
        0,
        null,
        null,
        0,
        null,
        0,
        0,
        0,
        0,
        0,
        0,
        null,
        0,
        0,
        null,
        null,
        null,
        null,
        null,
        null,
        null,
        null,
        null
      ],
      "/home/saasbook/FSD-Training-Site/app/models/video.rb": [
        1,
        null,
        1,
        null,
        1,
        0,
        null,
        null,
        1,
        null,
        null,
        null,
        null,
        0,
        0,
        null,
        null,
        null,
        null
      ],
      "/home/saasbook/FSD-Training-Site/app/models/component.rb": [
        1,
        1,
        null,
        1,
        null,
        null,
        1,
        null,
        null,
        1,
        null,
        null,
        null
      ],
      "/home/saasbook/FSD-Training-Site/app/models/document.rb": [
        1,
        null,
        1,
        null
      ],
      "/home/saasbook/FSD-Training-Site/app/models/prezi.rb": [
        1,
        null,
        1,
        null
      ],
      "/home/saasbook/FSD-Training-Site/app/models/text.rb": [
        1,
        null
      ]
    },
    "timestamp": 1333906127
  }
}